2020/06/09-11:24 [restartedMain] INFO  com.sportswork.sportswork.SportsworkApplication: Starting SportsworkApplication on PC-20190926VGXO with PID 7888 (F:\sportswork-master\target\classes started by Administrator in F:\new-space\warrior)
2020/06/09-11:24 [restartedMain] INFO  com.sportswork.sportswork.SportsworkApplication: No active profile set, falling back to default profiles: default
2020/06/09-11:24 [restartedMain] INFO  org.springframework.boot.devtools.env.DevToolsPropertyDefaultsPostProcessor: Devtools property defaults active! Set 'spring.devtools.add-properties' to 'false' to disable
2020/06/09-11:24 [restartedMain] INFO  org.springframework.boot.devtools.env.DevToolsPropertyDefaultsPostProcessor: For additional web related logging consider setting the 'logging.level.web' property to 'DEBUG'
2020/06/09-11:24 [restartedMain] INFO  org.springframework.boot.web.embedded.tomcat.TomcatWebServer: Tomcat initialized with port(s): 8081 (http)
2020/06/09-11:24 [restartedMain] INFO  org.apache.catalina.core.StandardService: Starting service [Tomcat]
2020/06/09-11:24 [restartedMain] INFO  org.apache.catalina.core.StandardEngine: Starting Servlet engine: [Apache Tomcat/9.0.29]
2020/06/09-11:24 [restartedMain] INFO  org.apache.catalina.core.ContainerBase.[Tomcat].[localhost].[/]: Initializing Spring embedded WebApplicationContext
2020/06/09-11:24 [restartedMain] INFO  org.springframework.web.context.ContextLoader: Root WebApplicationContext: initialization completed in 2860 ms
2020/06/09-11:24 [restartedMain] INFO  org.springframework.security.web.DefaultSecurityFilterChain: Creating filter chain: any request, [org.springframework.security.web.context.request.async.WebAsyncManagerIntegrationFilter@36774508, org.springframework.security.web.context.SecurityContextPersistenceFilter@13e2f732, org.springframework.security.web.header.HeaderWriterFilter@31fd4b6e, org.springframework.security.web.authentication.logout.LogoutFilter@790d8c14, org.springframework.security.web.authentication.UsernamePasswordAuthenticationFilter@61766324, org.springframework.security.web.savedrequest.RequestCacheAwareFilter@6797f0ce, org.springframework.security.web.servletapi.SecurityContextHolderAwareRequestFilter@79434e3a, org.springframework.security.web.authentication.AnonymousAuthenticationFilter@216f7d98, org.springframework.security.web.session.SessionManagementFilter@5c0bcb9d, org.springframework.security.web.access.ExceptionTranslationFilter@1df9bda4, org.springframework.security.web.access.intercept.FilterSecurityInterceptor@6b2f9db8]
2020/06/09-11:24 [restartedMain] INFO  org.springframework.scheduling.concurrent.ThreadPoolTaskExecutor: Initializing ExecutorService 'applicationTaskExecutor'
2020/06/09-11:24 [restartedMain] WARN  org.thymeleaf.templatemode.TemplateMode: [THYMELEAF][restartedMain] Template Mode 'HTML5' is deprecated. Using Template Mode 'HTML' instead.
2020/06/09-11:24 [restartedMain] INFO  org.springframework.scheduling.concurrent.ThreadPoolTaskScheduler: Initializing ExecutorService 'taskScheduler'
2020/06/09-11:24 [restartedMain] INFO  org.springframework.boot.devtools.autoconfigure.OptionalLiveReloadServer: LiveReload server is running on port 35729
2020/06/09-11:24 [restartedMain] INFO  org.springframework.boot.web.embedded.tomcat.TomcatWebServer: Tomcat started on port(s): 8081 (http) with context path ''
2020/06/09-11:24 [restartedMain] INFO  com.sportswork.sportswork.SportsworkApplication: Started SportsworkApplication in 6.653 seconds (JVM running for 7.741)
2020/06/09-11:24 [http-nio-8081-exec-1] INFO  org.apache.catalina.core.ContainerBase.[Tomcat].[localhost].[/]: Initializing Spring DispatcherServlet 'dispatcherServlet'
2020/06/09-11:24 [http-nio-8081-exec-1] INFO  org.springframework.web.servlet.DispatcherServlet: Initializing Servlet 'dispatcherServlet'
2020/06/09-11:24 [http-nio-8081-exec-1] INFO  org.springframework.web.servlet.DispatcherServlet: Completed initialization in 8 ms
2020/06/09-11:25 [http-nio-8081-exec-2] INFO  com.alibaba.druid.pool.DruidDataSource: {dataSource-1} inited
2020/06/09-11:25 [Druid-ConnectionPool-Create-1249371586] ERROR com.alibaba.druid.pool.DruidDataSource: create connection error, url: jdbc:mysql://localhost:3306/sportsWork?useUnicode=true&characterEncoding=UTF-8&serverTimezone=UTC, errorCode 1049, state 42000
java.sql.SQLSyntaxErrorException: Unknown database 'sportswork'
	at com.mysql.cj.jdbc.exceptions.SQLError.createSQLException(SQLError.java:120)
	at com.mysql.cj.jdbc.exceptions.SQLError.createSQLException(SQLError.java:97)
	at com.mysql.cj.jdbc.exceptions.SQLExceptionsMapping.translateException(SQLExceptionsMapping.java:122)
	at com.mysql.cj.jdbc.ConnectionImpl.createNewIO(ConnectionImpl.java:836)
	at com.mysql.cj.jdbc.ConnectionImpl.<init>(ConnectionImpl.java:456)
	at com.mysql.cj.jdbc.ConnectionImpl.getInstance(ConnectionImpl.java:246)
	at com.mysql.cj.jdbc.NonRegisteringDriver.connect(NonRegisteringDriver.java:199)
	at com.alibaba.druid.pool.DruidAbstractDataSource.createPhysicalConnection(DruidAbstractDataSource.java:1464)
	at com.alibaba.druid.pool.DruidAbstractDataSource.createPhysicalConnection(DruidAbstractDataSource.java:1529)
	at com.alibaba.druid.pool.DruidDataSource$CreateConnectionThread.run(DruidDataSource.java:2178)
2020/06/09-11:25 [Druid-ConnectionPool-Create-1249371586] ERROR com.alibaba.druid.pool.DruidDataSource: create connection error, url: jdbc:mysql://localhost:3306/sportsWork?useUnicode=true&characterEncoding=UTF-8&serverTimezone=UTC, errorCode 1049, state 42000
java.sql.SQLSyntaxErrorException: Unknown database 'sportswork'
	at com.mysql.cj.jdbc.exceptions.SQLError.createSQLException(SQLError.java:120)
	at com.mysql.cj.jdbc.exceptions.SQLError.createSQLException(SQLError.java:97)
	at com.mysql.cj.jdbc.exceptions.SQLExceptionsMapping.translateException(SQLExceptionsMapping.java:122)
	at com.mysql.cj.jdbc.ConnectionImpl.createNewIO(ConnectionImpl.java:836)
	at com.mysql.cj.jdbc.ConnectionImpl.<init>(ConnectionImpl.java:456)
	at com.mysql.cj.jdbc.ConnectionImpl.getInstance(ConnectionImpl.java:246)
	at com.mysql.cj.jdbc.NonRegisteringDriver.connect(NonRegisteringDriver.java:199)
	at com.alibaba.druid.pool.DruidAbstractDataSource.createPhysicalConnection(DruidAbstractDataSource.java:1464)
	at com.alibaba.druid.pool.DruidAbstractDataSource.createPhysicalConnection(DruidAbstractDataSource.java:1529)
	at com.alibaba.druid.pool.DruidDataSource$CreateConnectionThread.run(DruidDataSource.java:2178)
2020/06/09-11:25 [Druid-ConnectionPool-Create-1249371586] ERROR com.alibaba.druid.pool.DruidDataSource: create connection error, url: jdbc:mysql://localhost:3306/sportsWork?useUnicode=true&characterEncoding=UTF-8&serverTimezone=UTC, errorCode 1049, state 42000
java.sql.SQLSyntaxErrorException: Unknown database 'sportswork'
	at com.mysql.cj.jdbc.exceptions.SQLError.createSQLException(SQLError.java:120)
	at com.mysql.cj.jdbc.exceptions.SQLError.createSQLException(SQLError.java:97)
	at com.mysql.cj.jdbc.exceptions.SQLExceptionsMapping.translateException(SQLExceptionsMapping.java:122)
	at com.mysql.cj.jdbc.ConnectionImpl.createNewIO(ConnectionImpl.java:836)
	at com.mysql.cj.jdbc.ConnectionImpl.<init>(ConnectionImpl.java:456)
	at com.mysql.cj.jdbc.ConnectionImpl.getInstance(ConnectionImpl.java:246)
	at com.mysql.cj.jdbc.NonRegisteringDriver.connect(NonRegisteringDriver.java:199)
	at com.alibaba.druid.pool.DruidAbstractDataSource.createPhysicalConnection(DruidAbstractDataSource.java:1464)
	at com.alibaba.druid.pool.DruidAbstractDataSource.createPhysicalConnection(DruidAbstractDataSource.java:1529)
	at com.alibaba.druid.pool.DruidDataSource$CreateConnectionThread.run(DruidDataSource.java:2178)
2020/06/09-11:25 [Druid-ConnectionPool-Create-1249371586] ERROR com.alibaba.druid.pool.DruidDataSource: create connection error, url: jdbc:mysql://localhost:3306/sportsWork?useUnicode=true&characterEncoding=UTF-8&serverTimezone=UTC, errorCode 1049, state 42000
java.sql.SQLSyntaxErrorException: Unknown database 'sportswork'
	at com.mysql.cj.jdbc.exceptions.SQLError.createSQLException(SQLError.java:120)
	at com.mysql.cj.jdbc.exceptions.SQLError.createSQLException(SQLError.java:97)
	at com.mysql.cj.jdbc.exceptions.SQLExceptionsMapping.translateException(SQLExceptionsMapping.java:122)
	at com.mysql.cj.jdbc.ConnectionImpl.createNewIO(ConnectionImpl.java:836)
	at com.mysql.cj.jdbc.ConnectionImpl.<init>(ConnectionImpl.java:456)
	at com.mysql.cj.jdbc.ConnectionImpl.getInstance(ConnectionImpl.java:246)
	at com.mysql.cj.jdbc.NonRegisteringDriver.connect(NonRegisteringDriver.java:199)
	at com.alibaba.druid.pool.DruidAbstractDataSource.createPhysicalConnection(DruidAbstractDataSource.java:1464)
	at com.alibaba.druid.pool.DruidAbstractDataSource.createPhysicalConnection(DruidAbstractDataSource.java:1529)
	at com.alibaba.druid.pool.DruidDataSource$CreateConnectionThread.run(DruidDataSource.java:2178)
2020/06/09-11:25 [Druid-ConnectionPool-Create-1249371586] ERROR com.alibaba.druid.pool.DruidDataSource: create connection error, url: jdbc:mysql://localhost:3306/sportsWork?useUnicode=true&characterEncoding=UTF-8&serverTimezone=UTC, errorCode 1049, state 42000
java.sql.SQLSyntaxErrorException: Unknown database 'sportswork'
	at com.mysql.cj.jdbc.exceptions.SQLError.createSQLException(SQLError.java:120)
	at com.mysql.cj.jdbc.exceptions.SQLError.createSQLException(SQLError.java:97)
	at com.mysql.cj.jdbc.exceptions.SQLExceptionsMapping.translateException(SQLExceptionsMapping.java:122)
	at com.mysql.cj.jdbc.ConnectionImpl.createNewIO(ConnectionImpl.java:836)
	at com.mysql.cj.jdbc.ConnectionImpl.<init>(ConnectionImpl.java:456)
	at com.mysql.cj.jdbc.ConnectionImpl.getInstance(ConnectionImpl.java:246)
	at com.mysql.cj.jdbc.NonRegisteringDriver.connect(NonRegisteringDriver.java:199)
	at com.alibaba.druid.pool.DruidAbstractDataSource.createPhysicalConnection(DruidAbstractDataSource.java:1464)
	at com.alibaba.druid.pool.DruidAbstractDataSource.createPhysicalConnection(DruidAbstractDataSource.java:1529)
	at com.alibaba.druid.pool.DruidDataSource$CreateConnectionThread.run(DruidDataSource.java:2178)
2020/06/09-11:25 [Druid-ConnectionPool-Create-1249371586] ERROR com.alibaba.druid.pool.DruidDataSource: create connection error, url: jdbc:mysql://localhost:3306/sportsWork?useUnicode=true&characterEncoding=UTF-8&serverTimezone=UTC, errorCode 1049, state 42000
java.sql.SQLSyntaxErrorException: Unknown database 'sportswork'
	at com.mysql.cj.jdbc.exceptions.SQLError.createSQLException(SQLError.java:120)
	at com.mysql.cj.jdbc.exceptions.SQLError.createSQLException(SQLError.java:97)
	at com.mysql.cj.jdbc.exceptions.SQLExceptionsMapping.translateException(SQLExceptionsMapping.java:122)
	at com.mysql.cj.jdbc.ConnectionImpl.createNewIO(ConnectionImpl.java:836)
	at com.mysql.cj.jdbc.ConnectionImpl.<init>(ConnectionImpl.java:456)
	at com.mysql.cj.jdbc.ConnectionImpl.getInstance(ConnectionImpl.java:246)
	at com.mysql.cj.jdbc.NonRegisteringDriver.connect(NonRegisteringDriver.java:199)
	at com.alibaba.druid.pool.DruidAbstractDataSource.createPhysicalConnection(DruidAbstractDataSource.java:1464)
	at com.alibaba.druid.pool.DruidAbstractDataSource.createPhysicalConnection(DruidAbstractDataSource.java:1529)
	at com.alibaba.druid.pool.DruidDataSource$CreateConnectionThread.run(DruidDataSource.java:2178)
2020/06/09-11:25 [Druid-ConnectionPool-Create-1249371586] ERROR com.alibaba.druid.pool.DruidDataSource: create connection error, url: jdbc:mysql://localhost:3306/sportsWork?useUnicode=true&characterEncoding=UTF-8&serverTimezone=UTC, errorCode 1049, state 42000
java.sql.SQLSyntaxErrorException: Unknown database 'sportswork'
	at com.mysql.cj.jdbc.exceptions.SQLError.createSQLException(SQLError.java:120)
	at com.mysql.cj.jdbc.exceptions.SQLError.createSQLException(SQLError.java:97)
	at com.mysql.cj.jdbc.exceptions.SQLExceptionsMapping.translateException(SQLExceptionsMapping.java:122)
	at com.mysql.cj.jdbc.ConnectionImpl.createNewIO(ConnectionImpl.java:836)
	at com.mysql.cj.jdbc.ConnectionImpl.<init>(ConnectionImpl.java:456)
	at com.mysql.cj.jdbc.ConnectionImpl.getInstance(ConnectionImpl.java:246)
	at com.mysql.cj.jdbc.NonRegisteringDriver.connect(NonRegisteringDriver.java:199)
	at com.alibaba.druid.pool.DruidAbstractDataSource.createPhysicalConnection(DruidAbstractDataSource.java:1464)
	at com.alibaba.druid.pool.DruidAbstractDataSource.createPhysicalConnection(DruidAbstractDataSource.java:1529)
	at com.alibaba.druid.pool.DruidDataSource$CreateConnectionThread.run(DruidDataSource.java:2178)
2020/06/09-11:25 [Druid-ConnectionPool-Create-1249371586] ERROR com.alibaba.druid.pool.DruidDataSource: create connection error, url: jdbc:mysql://localhost:3306/sportsWork?useUnicode=true&characterEncoding=UTF-8&serverTimezone=UTC, errorCode 1049, state 42000
java.sql.SQLSyntaxErrorException: Unknown database 'sportswork'
	at com.mysql.cj.jdbc.exceptions.SQLError.createSQLException(SQLError.java:120)
	at com.mysql.cj.jdbc.exceptions.SQLError.createSQLException(SQLError.java:97)
	at com.mysql.cj.jdbc.exceptions.SQLExceptionsMapping.translateException(SQLExceptionsMapping.java:122)
	at com.mysql.cj.jdbc.ConnectionImpl.createNewIO(ConnectionImpl.java:836)
	at com.mysql.cj.jdbc.ConnectionImpl.<init>(ConnectionImpl.java:456)
	at com.mysql.cj.jdbc.ConnectionImpl.getInstance(ConnectionImpl.java:246)
	at com.mysql.cj.jdbc.NonRegisteringDriver.connect(NonRegisteringDriver.java:199)
	at com.alibaba.druid.pool.DruidAbstractDataSource.createPhysicalConnection(DruidAbstractDataSource.java:1464)
	at com.alibaba.druid.pool.DruidAbstractDataSource.createPhysicalConnection(DruidAbstractDataSource.java:1529)
	at com.alibaba.druid.pool.DruidDataSource$CreateConnectionThread.run(DruidDataSource.java:2178)
2020/06/09-11:25 [Druid-ConnectionPool-Create-1249371586] ERROR com.alibaba.druid.pool.DruidDataSource: create connection error, url: jdbc:mysql://localhost:3306/sportsWork?useUnicode=true&characterEncoding=UTF-8&serverTimezone=UTC, errorCode 1049, state 42000
java.sql.SQLSyntaxErrorException: Unknown database 'sportswork'
	at com.mysql.cj.jdbc.exceptions.SQLError.createSQLException(SQLError.java:120)
	at com.mysql.cj.jdbc.exceptions.SQLError.createSQLException(SQLError.java:97)
	at com.mysql.cj.jdbc.exceptions.SQLExceptionsMapping.translateException(SQLExceptionsMapping.java:122)
	at com.mysql.cj.jdbc.ConnectionImpl.createNewIO(ConnectionImpl.java:836)
	at com.mysql.cj.jdbc.ConnectionImpl.<init>(ConnectionImpl.java:456)
	at com.mysql.cj.jdbc.ConnectionImpl.getInstance(ConnectionImpl.java:246)
	at com.mysql.cj.jdbc.NonRegisteringDriver.connect(NonRegisteringDriver.java:199)
	at com.alibaba.druid.pool.DruidAbstractDataSource.createPhysicalConnection(DruidAbstractDataSource.java:1464)
	at com.alibaba.druid.pool.DruidAbstractDataSource.createPhysicalConnection(DruidAbstractDataSource.java:1529)
	at com.alibaba.druid.pool.DruidDataSource$CreateConnectionThread.run(DruidDataSource.java:2178)
2020/06/09-11:25 [Druid-ConnectionPool-Create-1249371586] ERROR com.alibaba.druid.pool.DruidDataSource: create connection error, url: jdbc:mysql://localhost:3306/sportsWork?useUnicode=true&characterEncoding=UTF-8&serverTimezone=UTC, errorCode 1049, state 42000
java.sql.SQLSyntaxErrorException: Unknown database 'sportswork'
	at com.mysql.cj.jdbc.exceptions.SQLError.createSQLException(SQLError.java:120)
	at com.mysql.cj.jdbc.exceptions.SQLError.createSQLException(SQLError.java:97)
	at com.mysql.cj.jdbc.exceptions.SQLExceptionsMapping.translateException(SQLExceptionsMapping.java:122)
	at com.mysql.cj.jdbc.ConnectionImpl.createNewIO(ConnectionImpl.java:836)
	at com.mysql.cj.jdbc.ConnectionImpl.<init>(ConnectionImpl.java:456)
	at com.mysql.cj.jdbc.ConnectionImpl.getInstance(ConnectionImpl.java:246)
	at com.mysql.cj.jdbc.NonRegisteringDriver.connect(NonRegisteringDriver.java:199)
	at com.alibaba.druid.pool.DruidAbstractDataSource.createPhysicalConnection(DruidAbstractDataSource.java:1464)
	at com.alibaba.druid.pool.DruidAbstractDataSource.createPhysicalConnection(DruidAbstractDataSource.java:1529)
	at com.alibaba.druid.pool.DruidDataSource$CreateConnectionThread.run(DruidDataSource.java:2178)
2020/06/09-11:25 [Druid-ConnectionPool-Create-1249371586] ERROR com.alibaba.druid.pool.DruidDataSource: create connection error, url: jdbc:mysql://localhost:3306/sportsWork?useUnicode=true&characterEncoding=UTF-8&serverTimezone=UTC, errorCode 1049, state 42000
java.sql.SQLSyntaxErrorException: Unknown database 'sportswork'
	at com.mysql.cj.jdbc.exceptions.SQLError.createSQLException(SQLError.java:120)
	at com.mysql.cj.jdbc.exceptions.SQLError.createSQLException(SQLError.java:97)
	at com.mysql.cj.jdbc.exceptions.SQLExceptionsMapping.translateException(SQLExceptionsMapping.java:122)
	at com.mysql.cj.jdbc.ConnectionImpl.createNewIO(ConnectionImpl.java:836)
	at com.mysql.cj.jdbc.ConnectionImpl.<init>(ConnectionImpl.java:456)
	at com.mysql.cj.jdbc.ConnectionImpl.getInstance(ConnectionImpl.java:246)
	at com.mysql.cj.jdbc.NonRegisteringDriver.connect(NonRegisteringDriver.java:199)
	at com.alibaba.druid.pool.DruidAbstractDataSource.createPhysicalConnection(DruidAbstractDataSource.java:1464)
	at com.alibaba.druid.pool.DruidAbstractDataSource.createPhysicalConnection(DruidAbstractDataSource.java:1529)
	at com.alibaba.druid.pool.DruidDataSource$CreateConnectionThread.run(DruidDataSource.java:2178)
2020/06/09-11:25 [Druid-ConnectionPool-Create-1249371586] ERROR com.alibaba.druid.pool.DruidDataSource: create connection error, url: jdbc:mysql://localhost:3306/sportsWork?useUnicode=true&characterEncoding=UTF-8&serverTimezone=UTC, errorCode 1049, state 42000
java.sql.SQLSyntaxErrorException: Unknown database 'sportswork'
	at com.mysql.cj.jdbc.exceptions.SQLError.createSQLException(SQLError.java:120)
	at com.mysql.cj.jdbc.exceptions.SQLError.createSQLException(SQLError.java:97)
	at com.mysql.cj.jdbc.exceptions.SQLExceptionsMapping.translateException(SQLExceptionsMapping.java:122)
	at com.mysql.cj.jdbc.ConnectionImpl.createNewIO(ConnectionImpl.java:836)
	at com.mysql.cj.jdbc.ConnectionImpl.<init>(ConnectionImpl.java:456)
	at com.mysql.cj.jdbc.ConnectionImpl.getInstance(ConnectionImpl.java:246)
	at com.mysql.cj.jdbc.NonRegisteringDriver.connect(NonRegisteringDriver.java:199)
	at com.alibaba.druid.pool.DruidAbstractDataSource.createPhysicalConnection(DruidAbstractDataSource.java:1464)
	at com.alibaba.druid.pool.DruidAbstractDataSource.createPhysicalConnection(DruidAbstractDataSource.java:1529)
	at com.alibaba.druid.pool.DruidDataSource$CreateConnectionThread.run(DruidDataSource.java:2178)
2020/06/09-11:25 [Druid-ConnectionPool-Create-1249371586] ERROR com.alibaba.druid.pool.DruidDataSource: create connection error, url: jdbc:mysql://localhost:3306/sportsWork?useUnicode=true&characterEncoding=UTF-8&serverTimezone=UTC, errorCode 1049, state 42000
java.sql.SQLSyntaxErrorException: Unknown database 'sportswork'
	at com.mysql.cj.jdbc.exceptions.SQLError.createSQLException(SQLError.java:120)
	at com.mysql.cj.jdbc.exceptions.SQLError.createSQLException(SQLError.java:97)
	at com.mysql.cj.jdbc.exceptions.SQLExceptionsMapping.translateException(SQLExceptionsMapping.java:122)
	at com.mysql.cj.jdbc.ConnectionImpl.createNewIO(ConnectionImpl.java:836)
	at com.mysql.cj.jdbc.ConnectionImpl.<init>(ConnectionImpl.java:456)
	at com.mysql.cj.jdbc.ConnectionImpl.getInstance(ConnectionImpl.java:246)
	at com.mysql.cj.jdbc.NonRegisteringDriver.connect(NonRegisteringDriver.java:199)
	at com.alibaba.druid.pool.DruidAbstractDataSource.createPhysicalConnection(DruidAbstractDataSource.java:1464)
	at com.alibaba.druid.pool.DruidAbstractDataSource.createPhysicalConnection(DruidAbstractDataSource.java:1529)
	at com.alibaba.druid.pool.DruidDataSource$CreateConnectionThread.run(DruidDataSource.java:2178)
2020/06/09-11:25 [Druid-ConnectionPool-Create-1249371586] ERROR com.alibaba.druid.pool.DruidDataSource: create connection error, url: jdbc:mysql://localhost:3306/sportsWork?useUnicode=true&characterEncoding=UTF-8&serverTimezone=UTC, errorCode 1049, state 42000
java.sql.SQLSyntaxErrorException: Unknown database 'sportswork'
	at com.mysql.cj.jdbc.exceptions.SQLError.createSQLException(SQLError.java:120)
	at com.mysql.cj.jdbc.exceptions.SQLError.createSQLException(SQLError.java:97)
	at com.mysql.cj.jdbc.exceptions.SQLExceptionsMapping.translateException(SQLExceptionsMapping.java:122)
	at com.mysql.cj.jdbc.ConnectionImpl.createNewIO(ConnectionImpl.java:836)
	at com.mysql.cj.jdbc.ConnectionImpl.<init>(ConnectionImpl.java:456)
	at com.mysql.cj.jdbc.ConnectionImpl.getInstance(ConnectionImpl.java:246)
	at com.mysql.cj.jdbc.NonRegisteringDriver.connect(NonRegisteringDriver.java:199)
	at com.alibaba.druid.pool.DruidAbstractDataSource.createPhysicalConnection(DruidAbstractDataSource.java:1464)
	at com.alibaba.druid.pool.DruidAbstractDataSource.createPhysicalConnection(DruidAbstractDataSource.java:1529)
	at com.alibaba.druid.pool.DruidDataSource$CreateConnectionThread.run(DruidDataSource.java:2178)
2020/06/09-11:25 [Druid-ConnectionPool-Create-1249371586] ERROR com.alibaba.druid.pool.DruidDataSource: create connection error, url: jdbc:mysql://localhost:3306/sportsWork?useUnicode=true&characterEncoding=UTF-8&serverTimezone=UTC, errorCode 1049, state 42000
java.sql.SQLSyntaxErrorException: Unknown database 'sportswork'
	at com.mysql.cj.jdbc.exceptions.SQLError.createSQLException(SQLError.java:120)
	at com.mysql.cj.jdbc.exceptions.SQLError.createSQLException(SQLError.java:97)
	at com.mysql.cj.jdbc.exceptions.SQLExceptionsMapping.translateException(SQLExceptionsMapping.java:122)
	at com.mysql.cj.jdbc.ConnectionImpl.createNewIO(ConnectionImpl.java:836)
	at com.mysql.cj.jdbc.ConnectionImpl.<init>(ConnectionImpl.java:456)
	at com.mysql.cj.jdbc.ConnectionImpl.getInstance(ConnectionImpl.java:246)
	at com.mysql.cj.jdbc.NonRegisteringDriver.connect(NonRegisteringDriver.java:199)
	at com.alibaba.druid.pool.DruidAbstractDataSource.createPhysicalConnection(DruidAbstractDataSource.java:1464)
	at com.alibaba.druid.pool.DruidAbstractDataSource.createPhysicalConnection(DruidAbstractDataSource.java:1529)
	at com.alibaba.druid.pool.DruidDataSource$CreateConnectionThread.run(DruidDataSource.java:2178)
2020/06/09-11:25 [Druid-ConnectionPool-Create-1249371586] ERROR com.alibaba.druid.pool.DruidDataSource: create connection error, url: jdbc:mysql://localhost:3306/sportsWork?useUnicode=true&characterEncoding=UTF-8&serverTimezone=UTC, errorCode 1049, state 42000
java.sql.SQLSyntaxErrorException: Unknown database 'sportswork'
	at com.mysql.cj.jdbc.exceptions.SQLError.createSQLException(SQLError.java:120)
	at com.mysql.cj.jdbc.exceptions.SQLError.createSQLException(SQLError.java:97)
	at com.mysql.cj.jdbc.exceptions.SQLExceptionsMapping.translateException(SQLExceptionsMapping.java:122)
	at com.mysql.cj.jdbc.ConnectionImpl.createNewIO(ConnectionImpl.java:836)
	at com.mysql.cj.jdbc.ConnectionImpl.<init>(ConnectionImpl.java:456)
	at com.mysql.cj.jdbc.ConnectionImpl.getInstance(ConnectionImpl.java:246)
	at com.mysql.cj.jdbc.NonRegisteringDriver.connect(NonRegisteringDriver.java:199)
	at com.alibaba.druid.pool.DruidAbstractDataSource.createPhysicalConnection(DruidAbstractDataSource.java:1464)
	at com.alibaba.druid.pool.DruidAbstractDataSource.createPhysicalConnection(DruidAbstractDataSource.java:1529)
	at com.alibaba.druid.pool.DruidDataSource$CreateConnectionThread.run(DruidDataSource.java:2178)
2020/06/09-11:25 [Druid-ConnectionPool-Create-1249371586] ERROR com.alibaba.druid.pool.DruidDataSource: create connection error, url: jdbc:mysql://localhost:3306/sportsWork?useUnicode=true&characterEncoding=UTF-8&serverTimezone=UTC, errorCode 1049, state 42000
java.sql.SQLSyntaxErrorException: Unknown database 'sportswork'
	at com.mysql.cj.jdbc.exceptions.SQLError.createSQLException(SQLError.java:120)
	at com.mysql.cj.jdbc.exceptions.SQLError.createSQLException(SQLError.java:97)
	at com.mysql.cj.jdbc.exceptions.SQLExceptionsMapping.translateException(SQLExceptionsMapping.java:122)
	at com.mysql.cj.jdbc.ConnectionImpl.createNewIO(ConnectionImpl.java:836)
	at com.mysql.cj.jdbc.ConnectionImpl.<init>(ConnectionImpl.java:456)
	at com.mysql.cj.jdbc.ConnectionImpl.getInstance(ConnectionImpl.java:246)
	at com.mysql.cj.jdbc.NonRegisteringDriver.connect(NonRegisteringDriver.java:199)
	at com.alibaba.druid.pool.DruidAbstractDataSource.createPhysicalConnection(DruidAbstractDataSource.java:1464)
	at com.alibaba.druid.pool.DruidAbstractDataSource.createPhysicalConnection(DruidAbstractDataSource.java:1529)
	at com.alibaba.druid.pool.DruidDataSource$CreateConnectionThread.run(DruidDataSource.java:2178)
2020/06/09-11:25 [Druid-ConnectionPool-Create-1249371586] ERROR com.alibaba.druid.pool.DruidDataSource: create connection error, url: jdbc:mysql://localhost:3306/sportsWork?useUnicode=true&characterEncoding=UTF-8&serverTimezone=UTC, errorCode 1049, state 42000
java.sql.SQLSyntaxErrorException: Unknown database 'sportswork'
	at com.mysql.cj.jdbc.exceptions.SQLError.createSQLException(SQLError.java:120)
	at com.mysql.cj.jdbc.exceptions.SQLError.createSQLException(SQLError.java:97)
	at com.mysql.cj.jdbc.exceptions.SQLExceptionsMapping.translateException(SQLExceptionsMapping.java:122)
	at com.mysql.cj.jdbc.ConnectionImpl.createNewIO(ConnectionImpl.java:836)
	at com.mysql.cj.jdbc.ConnectionImpl.<init>(ConnectionImpl.java:456)
	at com.mysql.cj.jdbc.ConnectionImpl.getInstance(ConnectionImpl.java:246)
	at com.mysql.cj.jdbc.NonRegisteringDriver.connect(NonRegisteringDriver.java:199)
	at com.alibaba.druid.pool.DruidAbstractDataSource.createPhysicalConnection(DruidAbstractDataSource.java:1464)
	at com.alibaba.druid.pool.DruidAbstractDataSource.createPhysicalConnection(DruidAbstractDataSource.java:1529)
	at com.alibaba.druid.pool.DruidDataSource$CreateConnectionThread.run(DruidDataSource.java:2178)
2020/06/09-11:25 [Druid-ConnectionPool-Create-1249371586] ERROR com.alibaba.druid.pool.DruidDataSource: create connection error, url: jdbc:mysql://localhost:3306/sportsWork?useUnicode=true&characterEncoding=UTF-8&serverTimezone=UTC, errorCode 1049, state 42000
java.sql.SQLSyntaxErrorException: Unknown database 'sportswork'
	at com.mysql.cj.jdbc.exceptions.SQLError.createSQLException(SQLError.java:120)
	at com.mysql.cj.jdbc.exceptions.SQLError.createSQLException(SQLError.java:97)
	at com.mysql.cj.jdbc.exceptions.SQLExceptionsMapping.translateException(SQLExceptionsMapping.java:122)
	at com.mysql.cj.jdbc.ConnectionImpl.createNewIO(ConnectionImpl.java:836)
	at com.mysql.cj.jdbc.ConnectionImpl.<init>(ConnectionImpl.java:456)
	at com.mysql.cj.jdbc.ConnectionImpl.getInstance(ConnectionImpl.java:246)
	at com.mysql.cj.jdbc.NonRegisteringDriver.connect(NonRegisteringDriver.java:199)
	at com.alibaba.druid.pool.DruidAbstractDataSource.createPhysicalConnection(DruidAbstractDataSource.java:1464)
	at com.alibaba.druid.pool.DruidAbstractDataSource.createPhysicalConnection(DruidAbstractDataSource.java:1529)
	at com.alibaba.druid.pool.DruidDataSource$CreateConnectionThread.run(DruidDataSource.java:2178)
2020/06/09-11:25 [Druid-ConnectionPool-Create-1249371586] ERROR com.alibaba.druid.pool.DruidDataSource: create connection error, url: jdbc:mysql://localhost:3306/sportsWork?useUnicode=true&characterEncoding=UTF-8&serverTimezone=UTC, errorCode 1049, state 42000
java.sql.SQLSyntaxErrorException: Unknown database 'sportswork'
	at com.mysql.cj.jdbc.exceptions.SQLError.createSQLException(SQLError.java:120)
	at com.mysql.cj.jdbc.exceptions.SQLError.createSQLException(SQLError.java:97)
	at com.mysql.cj.jdbc.exceptions.SQLExceptionsMapping.translateException(SQLExceptionsMapping.java:122)
	at com.mysql.cj.jdbc.ConnectionImpl.createNewIO(ConnectionImpl.java:836)
	at com.mysql.cj.jdbc.ConnectionImpl.<init>(ConnectionImpl.java:456)
	at com.mysql.cj.jdbc.ConnectionImpl.getInstance(ConnectionImpl.java:246)
	at com.mysql.cj.jdbc.NonRegisteringDriver.connect(NonRegisteringDriver.java:199)
	at com.alibaba.druid.pool.DruidAbstractDataSource.createPhysicalConnection(DruidAbstractDataSource.java:1464)
	at com.alibaba.druid.pool.DruidAbstractDataSource.createPhysicalConnection(DruidAbstractDataSource.java:1529)
	at com.alibaba.druid.pool.DruidDataSource$CreateConnectionThread.run(DruidDataSource.java:2178)
2020/06/09-11:25 [Druid-ConnectionPool-Create-1249371586] ERROR com.alibaba.druid.pool.DruidDataSource: create connection error, url: jdbc:mysql://localhost:3306/sportsWork?useUnicode=true&characterEncoding=UTF-8&serverTimezone=UTC, errorCode 1049, state 42000
java.sql.SQLSyntaxErrorException: Unknown database 'sportswork'
	at com.mysql.cj.jdbc.exceptions.SQLError.createSQLException(SQLError.java:120)
	at com.mysql.cj.jdbc.exceptions.SQLError.createSQLException(SQLError.java:97)
	at com.mysql.cj.jdbc.exceptions.SQLExceptionsMapping.translateException(SQLExceptionsMapping.java:122)
	at com.mysql.cj.jdbc.ConnectionImpl.createNewIO(ConnectionImpl.java:836)
	at com.mysql.cj.jdbc.ConnectionImpl.<init>(ConnectionImpl.java:456)
	at com.mysql.cj.jdbc.ConnectionImpl.getInstance(ConnectionImpl.java:246)
	at com.mysql.cj.jdbc.NonRegisteringDriver.connect(NonRegisteringDriver.java:199)
	at com.alibaba.druid.pool.DruidAbstractDataSource.createPhysicalConnection(DruidAbstractDataSource.java:1464)
	at com.alibaba.druid.pool.DruidAbstractDataSource.createPhysicalConnection(DruidAbstractDataSource.java:1529)
	at com.alibaba.druid.pool.DruidDataSource$CreateConnectionThread.run(DruidDataSource.java:2178)
2020/06/09-11:25 [Druid-ConnectionPool-Create-1249371586] ERROR com.alibaba.druid.pool.DruidDataSource: create connection error, url: jdbc:mysql://localhost:3306/sportsWork?useUnicode=true&characterEncoding=UTF-8&serverTimezone=UTC, errorCode 1049, state 42000
java.sql.SQLSyntaxErrorException: Unknown database 'sportswork'
	at com.mysql.cj.jdbc.exceptions.SQLError.createSQLException(SQLError.java:120)
	at com.mysql.cj.jdbc.exceptions.SQLError.createSQLException(SQLError.java:97)
	at com.mysql.cj.jdbc.exceptions.SQLExceptionsMapping.translateException(SQLExceptionsMapping.java:122)
	at com.mysql.cj.jdbc.ConnectionImpl.createNewIO(ConnectionImpl.java:836)
	at com.mysql.cj.jdbc.ConnectionImpl.<init>(ConnectionImpl.java:456)
	at com.mysql.cj.jdbc.ConnectionImpl.getInstance(ConnectionImpl.java:246)
	at com.mysql.cj.jdbc.NonRegisteringDriver.connect(NonRegisteringDriver.java:199)
	at com.alibaba.druid.pool.DruidAbstractDataSource.createPhysicalConnection(DruidAbstractDataSource.java:1464)
	at com.alibaba.druid.pool.DruidAbstractDataSource.createPhysicalConnection(DruidAbstractDataSource.java:1529)
	at com.alibaba.druid.pool.DruidDataSource$CreateConnectionThread.run(DruidDataSource.java:2178)
2020/06/09-11:25 [Druid-ConnectionPool-Create-1249371586] ERROR com.alibaba.druid.pool.DruidDataSource: create connection error, url: jdbc:mysql://localhost:3306/sportsWork?useUnicode=true&characterEncoding=UTF-8&serverTimezone=UTC, errorCode 1049, state 42000
java.sql.SQLSyntaxErrorException: Unknown database 'sportswork'
	at com.mysql.cj.jdbc.exceptions.SQLError.createSQLException(SQLError.java:120)
	at com.mysql.cj.jdbc.exceptions.SQLError.createSQLException(SQLError.java:97)
	at com.mysql.cj.jdbc.exceptions.SQLExceptionsMapping.translateException(SQLExceptionsMapping.java:122)
	at com.mysql.cj.jdbc.ConnectionImpl.createNewIO(ConnectionImpl.java:836)
	at com.mysql.cj.jdbc.ConnectionImpl.<init>(ConnectionImpl.java:456)
	at com.mysql.cj.jdbc.ConnectionImpl.getInstance(ConnectionImpl.java:246)
	at com.mysql.cj.jdbc.NonRegisteringDriver.connect(NonRegisteringDriver.java:199)
	at com.alibaba.druid.pool.DruidAbstractDataSource.createPhysicalConnection(DruidAbstractDataSource.java:1464)
	at com.alibaba.druid.pool.DruidAbstractDataSource.createPhysicalConnection(DruidAbstractDataSource.java:1529)
	at com.alibaba.druid.pool.DruidDataSource$CreateConnectionThread.run(DruidDataSource.java:2178)
2020/06/09-11:25 [Druid-ConnectionPool-Create-1249371586] ERROR com.alibaba.druid.pool.DruidDataSource: create connection error, url: jdbc:mysql://localhost:3306/sportsWork?useUnicode=true&characterEncoding=UTF-8&serverTimezone=UTC, errorCode 1049, state 42000
java.sql.SQLSyntaxErrorException: Unknown database 'sportswork'
	at com.mysql.cj.jdbc.exceptions.SQLError.createSQLException(SQLError.java:120)
	at com.mysql.cj.jdbc.exceptions.SQLError.createSQLException(SQLError.java:97)
	at com.mysql.cj.jdbc.exceptions.SQLExceptionsMapping.translateException(SQLExceptionsMapping.java:122)
	at com.mysql.cj.jdbc.ConnectionImpl.createNewIO(ConnectionImpl.java:836)
	at com.mysql.cj.jdbc.ConnectionImpl.<init>(ConnectionImpl.java:456)
	at com.mysql.cj.jdbc.ConnectionImpl.getInstance(ConnectionImpl.java:246)
	at com.mysql.cj.jdbc.NonRegisteringDriver.connect(NonRegisteringDriver.java:199)
	at com.alibaba.druid.pool.DruidAbstractDataSource.createPhysicalConnection(DruidAbstractDataSource.java:1464)
	at com.alibaba.druid.pool.DruidAbstractDataSource.createPhysicalConnection(DruidAbstractDataSource.java:1529)
	at com.alibaba.druid.pool.DruidDataSource$CreateConnectionThread.run(DruidDataSource.java:2178)
2020/06/09-11:25 [Druid-ConnectionPool-Create-1249371586] ERROR com.alibaba.druid.pool.DruidDataSource: create connection error, url: jdbc:mysql://localhost:3306/sportsWork?useUnicode=true&characterEncoding=UTF-8&serverTimezone=UTC, errorCode 1049, state 42000
java.sql.SQLSyntaxErrorException: Unknown database 'sportswork'
	at com.mysql.cj.jdbc.exceptions.SQLError.createSQLException(SQLError.java:120)
	at com.mysql.cj.jdbc.exceptions.SQLError.createSQLException(SQLError.java:97)
	at com.mysql.cj.jdbc.exceptions.SQLExceptionsMapping.translateException(SQLExceptionsMapping.java:122)
	at com.mysql.cj.jdbc.ConnectionImpl.createNewIO(ConnectionImpl.java:836)
	at com.mysql.cj.jdbc.ConnectionImpl.<init>(ConnectionImpl.java:456)
	at com.mysql.cj.jdbc.ConnectionImpl.getInstance(ConnectionImpl.java:246)
	at com.mysql.cj.jdbc.NonRegisteringDriver.connect(NonRegisteringDriver.java:199)
	at com.alibaba.druid.pool.DruidAbstractDataSource.createPhysicalConnection(DruidAbstractDataSource.java:1464)
	at com.alibaba.druid.pool.DruidAbstractDataSource.createPhysicalConnection(DruidAbstractDataSource.java:1529)
	at com.alibaba.druid.pool.DruidDataSource$CreateConnectionThread.run(DruidDataSource.java:2178)
2020/06/09-11:25 [Druid-ConnectionPool-Create-1249371586] ERROR com.alibaba.druid.pool.DruidDataSource: create connection error, url: jdbc:mysql://localhost:3306/sportsWork?useUnicode=true&characterEncoding=UTF-8&serverTimezone=UTC, errorCode 1049, state 42000
java.sql.SQLSyntaxErrorException: Unknown database 'sportswork'
	at com.mysql.cj.jdbc.exceptions.SQLError.createSQLException(SQLError.java:120)
	at com.mysql.cj.jdbc.exceptions.SQLError.createSQLException(SQLError.java:97)
	at com.mysql.cj.jdbc.exceptions.SQLExceptionsMapping.translateException(SQLExceptionsMapping.java:122)
	at com.mysql.cj.jdbc.ConnectionImpl.createNewIO(ConnectionImpl.java:836)
	at com.mysql.cj.jdbc.ConnectionImpl.<init>(ConnectionImpl.java:456)
	at com.mysql.cj.jdbc.ConnectionImpl.getInstance(ConnectionImpl.java:246)
	at com.mysql.cj.jdbc.NonRegisteringDriver.connect(NonRegisteringDriver.java:199)
	at com.alibaba.druid.pool.DruidAbstractDataSource.createPhysicalConnection(DruidAbstractDataSource.java:1464)
	at com.alibaba.druid.pool.DruidAbstractDataSource.createPhysicalConnection(DruidAbstractDataSource.java:1529)
	at com.alibaba.druid.pool.DruidDataSource$CreateConnectionThread.run(DruidDataSource.java:2178)
2020/06/09-11:25 [Druid-ConnectionPool-Create-1249371586] ERROR com.alibaba.druid.pool.DruidDataSource: create connection error, url: jdbc:mysql://localhost:3306/sportsWork?useUnicode=true&characterEncoding=UTF-8&serverTimezone=UTC, errorCode 1049, state 42000
java.sql.SQLSyntaxErrorException: Unknown database 'sportswork'
	at com.mysql.cj.jdbc.exceptions.SQLError.createSQLException(SQLError.java:120)
	at com.mysql.cj.jdbc.exceptions.SQLError.createSQLException(SQLError.java:97)
	at com.mysql.cj.jdbc.exceptions.SQLExceptionsMapping.translateException(SQLExceptionsMapping.java:122)
	at com.mysql.cj.jdbc.ConnectionImpl.createNewIO(ConnectionImpl.java:836)
	at com.mysql.cj.jdbc.ConnectionImpl.<init>(ConnectionImpl.java:456)
	at com.mysql.cj.jdbc.ConnectionImpl.getInstance(ConnectionImpl.java:246)
	at com.mysql.cj.jdbc.NonRegisteringDriver.connect(NonRegisteringDriver.java:199)
	at com.alibaba.druid.pool.DruidAbstractDataSource.createPhysicalConnection(DruidAbstractDataSource.java:1464)
	at com.alibaba.druid.pool.DruidAbstractDataSource.createPhysicalConnection(DruidAbstractDataSource.java:1529)
	at com.alibaba.druid.pool.DruidDataSource$CreateConnectionThread.run(DruidDataSource.java:2178)
2020/06/09-11:25 [Druid-ConnectionPool-Create-1249371586] ERROR com.alibaba.druid.pool.DruidDataSource: create connection error, url: jdbc:mysql://localhost:3306/sportsWork?useUnicode=true&characterEncoding=UTF-8&serverTimezone=UTC, errorCode 1049, state 42000
java.sql.SQLSyntaxErrorException: Unknown database 'sportswork'
	at com.mysql.cj.jdbc.exceptions.SQLError.createSQLException(SQLError.java:120)
	at com.mysql.cj.jdbc.exceptions.SQLError.createSQLException(SQLError.java:97)
	at com.mysql.cj.jdbc.exceptions.SQLExceptionsMapping.translateException(SQLExceptionsMapping.java:122)
	at com.mysql.cj.jdbc.ConnectionImpl.createNewIO(ConnectionImpl.java:836)
	at com.mysql.cj.jdbc.ConnectionImpl.<init>(ConnectionImpl.java:456)
	at com.mysql.cj.jdbc.ConnectionImpl.getInstance(ConnectionImpl.java:246)
	at com.mysql.cj.jdbc.NonRegisteringDriver.connect(NonRegisteringDriver.java:199)
	at com.alibaba.druid.pool.DruidAbstractDataSource.createPhysicalConnection(DruidAbstractDataSource.java:1464)
	at com.alibaba.druid.pool.DruidAbstractDataSource.createPhysicalConnection(DruidAbstractDataSource.java:1529)
	at com.alibaba.druid.pool.DruidDataSource$CreateConnectionThread.run(DruidDataSource.java:2178)
2020/06/09-11:25 [Druid-ConnectionPool-Create-1249371586] ERROR com.alibaba.druid.pool.DruidDataSource: create connection error, url: jdbc:mysql://localhost:3306/sportsWork?useUnicode=true&characterEncoding=UTF-8&serverTimezone=UTC, errorCode 1049, state 42000
java.sql.SQLSyntaxErrorException: Unknown database 'sportswork'
	at com.mysql.cj.jdbc.exceptions.SQLError.createSQLException(SQLError.java:120)
	at com.mysql.cj.jdbc.exceptions.SQLError.createSQLException(SQLError.java:97)
	at com.mysql.cj.jdbc.exceptions.SQLExceptionsMapping.translateException(SQLExceptionsMapping.java:122)
	at com.mysql.cj.jdbc.ConnectionImpl.createNewIO(ConnectionImpl.java:836)
	at com.mysql.cj.jdbc.ConnectionImpl.<init>(ConnectionImpl.java:456)
	at com.mysql.cj.jdbc.ConnectionImpl.getInstance(ConnectionImpl.java:246)
	at com.mysql.cj.jdbc.NonRegisteringDriver.connect(NonRegisteringDriver.java:199)
	at com.alibaba.druid.pool.DruidAbstractDataSource.createPhysicalConnection(DruidAbstractDataSource.java:1464)
	at com.alibaba.druid.pool.DruidAbstractDataSource.createPhysicalConnection(DruidAbstractDataSource.java:1529)
	at com.alibaba.druid.pool.DruidDataSource$CreateConnectionThread.run(DruidDataSource.java:2178)
2020/06/09-11:25 [Druid-ConnectionPool-Create-1249371586] ERROR com.alibaba.druid.pool.DruidDataSource: create connection error, url: jdbc:mysql://localhost:3306/sportsWork?useUnicode=true&characterEncoding=UTF-8&serverTimezone=UTC, errorCode 1049, state 42000
java.sql.SQLSyntaxErrorException: Unknown database 'sportswork'
	at com.mysql.cj.jdbc.exceptions.SQLError.createSQLException(SQLError.java:120)
	at com.mysql.cj.jdbc.exceptions.SQLError.createSQLException(SQLError.java:97)
	at com.mysql.cj.jdbc.exceptions.SQLExceptionsMapping.translateException(SQLExceptionsMapping.java:122)
	at com.mysql.cj.jdbc.ConnectionImpl.createNewIO(ConnectionImpl.java:836)
	at com.mysql.cj.jdbc.ConnectionImpl.<init>(ConnectionImpl.java:456)
	at com.mysql.cj.jdbc.ConnectionImpl.getInstance(ConnectionImpl.java:246)
	at com.mysql.cj.jdbc.NonRegisteringDriver.connect(NonRegisteringDriver.java:199)
	at com.alibaba.druid.pool.DruidAbstractDataSource.createPhysicalConnection(DruidAbstractDataSource.java:1464)
	at com.alibaba.druid.pool.DruidAbstractDataSource.createPhysicalConnection(DruidAbstractDataSource.java:1529)
	at com.alibaba.druid.pool.DruidDataSource$CreateConnectionThread.run(DruidDataSource.java:2178)
2020/06/09-11:25 [Druid-ConnectionPool-Create-1249371586] ERROR com.alibaba.druid.pool.DruidDataSource: create connection error, url: jdbc:mysql://localhost:3306/sportsWork?useUnicode=true&characterEncoding=UTF-8&serverTimezone=UTC, errorCode 1049, state 42000
java.sql.SQLSyntaxErrorException: Unknown database 'sportswork'
	at com.mysql.cj.jdbc.exceptions.SQLError.createSQLException(SQLError.java:120)
	at com.mysql.cj.jdbc.exceptions.SQLError.createSQLException(SQLError.java:97)
	at com.mysql.cj.jdbc.exceptions.SQLExceptionsMapping.translateException(SQLExceptionsMapping.java:122)
	at com.mysql.cj.jdbc.ConnectionImpl.createNewIO(ConnectionImpl.java:836)
	at com.mysql.cj.jdbc.ConnectionImpl.<init>(ConnectionImpl.java:456)
	at com.mysql.cj.jdbc.ConnectionImpl.getInstance(ConnectionImpl.java:246)
	at com.mysql.cj.jdbc.NonRegisteringDriver.connect(NonRegisteringDriver.java:199)
	at com.alibaba.druid.pool.DruidAbstractDataSource.createPhysicalConnection(DruidAbstractDataSource.java:1464)
	at com.alibaba.druid.pool.DruidAbstractDataSource.createPhysicalConnection(DruidAbstractDataSource.java:1529)
	at com.alibaba.druid.pool.DruidDataSource$CreateConnectionThread.run(DruidDataSource.java:2178)
